d:\vsprojects\mathgui\mathgui\x64\debug\main.obj
d:\vsprojects\mathgui\mathgui\x64\debug\mathgui.obj
d:\vsprojects\mathgui\mathgui\x64\debug\moc_mathgui.obj
d:\vsprojects\mathgui\mathgui\x64\debug\qrc_mathgui.obj
d:\vsprojects\mathgui\mathgui\x64\debug\vc141.pdb
d:\vsprojects\mathgui\mathgui\x64\debug\przesuniecie_modulo.obj
d:\vsprojects\mathgui\mathgui\x64\debug\potegi_dwojek.obj
d:\vsprojects\mathgui\mathgui\x64\debug\regresja_liniowa.obj
d:\vsprojects\mathgui\mathgui\x64\debug\newton.obj
d:\vsprojects\mathgui\mathgui\x64\debug\wielomian.obj
d:\vsprojects\mathgui\mathgui\x64\debug\polynomialrootswindow.obj
d:\vsprojects\mathgui\mathgui\x64\debug\moc_polynomialrootswindow.obj
d:\vsprojects\mathgui\mathgui\x64\debug\linearregressionwindow.obj
d:\vsprojects\mathgui\mathgui\x64\debug\moc_linearregressionwindow.obj
d:\vsprojects\mathgui\mathgui\x64\debug\power2numberswindow.obj
d:\vsprojects\mathgui\mathgui\x64\debug\moc_power2numberswindow.obj
d:\vsprojects\mathgui\mathgui\x64\debug\moduloshiftwindow.obj
d:\vsprojects\mathgui\mathgui\x64\debug\moc_moduloshiftwindow.obj
d:\vsprojects\mathgui\mathgui\x64\debug\moc_permutationswindow.obj
d:\vsprojects\mathgui\mathgui\x64\debug\permutationswindow.obj
d:\vsprojects\mathgui\mathgui\x64\debug\lista.obj
d:\vsprojects\mathgui\mathgui\x64\debug\moc_subserieswindow.obj
d:\vsprojects\mathgui\mathgui\x64\debug\subserieswindow.obj
d:\vsprojects\mathgui\x64\debug\mathgui.exe
d:\vsprojects\mathgui\x64\debug\mathgui.ilk
d:\vsprojects\mathgui\x64\debug\mathgui.pdb
d:\vsprojects\mathgui\mathgui\generatedfiles\ui_mathgui.h
d:\vsprojects\mathgui\mathgui\generatedfiles\debug\moc_mathgui.cpp
d:\vsprojects\mathgui\mathgui\generatedfiles\qrc_mathgui.cpp
d:\vsprojects\mathgui\mathgui\generatedfiles\ui_polynomialrootswindow.h
d:\vsprojects\mathgui\mathgui\generatedfiles\debug\moc_polynomialrootswindow.cpp
d:\vsprojects\mathgui\mathgui\generatedfiles\ui_linearregressionwindow.h
d:\vsprojects\mathgui\mathgui\generatedfiles\debug\moc_linearregressionwindow.cpp
d:\vsprojects\mathgui\mathgui\generatedfiles\ui_power2numerwindow.h
d:\vsprojects\mathgui\mathgui\generatedfiles\debug\moc_power2numberswindow.cpp
d:\vsprojects\mathgui\mathgui\generatedfiles\ui_moduloshiftwindow.h
d:\vsprojects\mathgui\mathgui\generatedfiles\debug\moc_moduloshiftwindow.cpp
d:\vsprojects\mathgui\mathgui\generatedfiles\ui_permutationswindow.h
d:\vsprojects\mathgui\mathgui\generatedfiles\debug\moc_permutationswindow.cpp
d:\vsprojects\mathgui\mathgui\generatedfiles\ui_subserieswindow.h
d:\vsprojects\mathgui\mathgui\generatedfiles\debug\moc_subserieswindow.cpp
c:\users\en\desktop\projekt licencjacki\mathgui\mathgui\mathgui\x64\debug\linearregressionwindow.obj
c:\users\en\desktop\projekt licencjacki\mathgui\mathgui\mathgui\x64\debug\lista.obj
c:\users\en\desktop\projekt licencjacki\mathgui\mathgui\mathgui\x64\debug\main.obj
c:\users\en\desktop\projekt licencjacki\mathgui\mathgui\mathgui\x64\debug\mathgui.obj
c:\users\en\desktop\projekt licencjacki\mathgui\mathgui\mathgui\x64\debug\moc_linearregressionwindow.obj
c:\users\en\desktop\projekt licencjacki\mathgui\mathgui\mathgui\x64\debug\moc_mathgui.obj
c:\users\en\desktop\projekt licencjacki\mathgui\mathgui\mathgui\x64\debug\moc_moduloshiftwindow.obj
c:\users\en\desktop\projekt licencjacki\mathgui\mathgui\mathgui\x64\debug\moc_permutationswindow.obj
c:\users\en\desktop\projekt licencjacki\mathgui\mathgui\mathgui\x64\debug\moc_polynomialrootswindow.obj
c:\users\en\desktop\projekt licencjacki\mathgui\mathgui\mathgui\x64\debug\moc_power2numberswindow.obj
c:\users\en\desktop\projekt licencjacki\mathgui\mathgui\mathgui\x64\debug\moc_subserieswindow.obj
c:\users\en\desktop\projekt licencjacki\mathgui\mathgui\mathgui\x64\debug\moduloshiftwindow.obj
c:\users\en\desktop\projekt licencjacki\mathgui\mathgui\mathgui\x64\debug\newton.obj
c:\users\en\desktop\projekt licencjacki\mathgui\mathgui\mathgui\x64\debug\permutationswindow.obj
c:\users\en\desktop\projekt licencjacki\mathgui\mathgui\mathgui\x64\debug\polynomialrootswindow.obj
c:\users\en\desktop\projekt licencjacki\mathgui\mathgui\mathgui\x64\debug\potegi_dwojek.obj
c:\users\en\desktop\projekt licencjacki\mathgui\mathgui\mathgui\x64\debug\power2numberswindow.obj
c:\users\en\desktop\projekt licencjacki\mathgui\mathgui\mathgui\x64\debug\przesuniecie_modulo.obj
c:\users\en\desktop\projekt licencjacki\mathgui\mathgui\mathgui\x64\debug\qrc_mathgui.obj
c:\users\en\desktop\projekt licencjacki\mathgui\mathgui\mathgui\x64\debug\regresja_liniowa.obj
c:\users\en\desktop\projekt licencjacki\mathgui\mathgui\mathgui\x64\debug\subserieswindow.obj
c:\users\en\desktop\projekt licencjacki\mathgui\mathgui\mathgui\x64\debug\wielomian.obj
c:\users\en\desktop\projekt licencjacki\mathgui\mathgui\mathgui\x64\debug\vc141.pdb
c:\users\en\desktop\projekt licencjacki\mathgui\mathgui\mathgui\x64\debug\mathgui.tlog\cl.command.1.tlog
c:\users\en\desktop\projekt licencjacki\mathgui\mathgui\mathgui\x64\debug\mathgui.tlog\cl.read.1.tlog
c:\users\en\desktop\projekt licencjacki\mathgui\mathgui\mathgui\x64\debug\mathgui.tlog\cl.write.1.tlog
c:\users\en\desktop\projekt licencjacki\mathgui\mathgui\mathgui\x64\debug\mathgui.tlog\link.command.1.tlog
c:\users\en\desktop\projekt licencjacki\mathgui\mathgui\mathgui\x64\debug\mathgui.tlog\link.read.1.tlog
c:\users\en\desktop\projekt licencjacki\mathgui\mathgui\mathgui\x64\debug\mathgui.tlog\link.write.1.tlog
c:\users\en\desktop\projekt licencjacki\mathgui\mathgui\mathgui\x64\debug\mathgui.tlog\mathgui.write.1u.tlog
